<?xml version="1.0" encoding="UTF-8" standalone="yes"?><!DOCTYPE report PUBLIC "-//JACOCO//DTD Report 1.1//EN" "report.dtd"><report name="pedidos-service"><sessioninfo id="Shay-a8b90eb9" start="1787898553531" dump="1787898573593"/><package name="com/tiendatech/pedidos/application"><class name="com/tiendatech/pedidos/application/OrdenService" sourcefilename="OrdenService.java"><method name="&lt;init&gt;" desc="(Lcom/tiendatech/pedidos/domain/OrdenRepository;Lcom/tiendatech/pedidos/domain/FacturaPort;Lorg/springframework/beans/factory/ObjectProvider;Ljava/util/Optional;Lcom/tiendatech/pedidos/domain/BusinessMetricsPort;)V" line="44"><counter type="INSTRUCTION" missed="0" covered="18"/><counter type="LINE" missed="0" covered="7"/><counter type="COMPLEXITY" missed="0" covered="1"/><counter type="METHOD" missed="0" covered="1"/></method><method name="listarOrdenes" desc="(Lcom/tiendatech/pedidos/domain/Paginacion;)Lcom/tiendatech/pedidos/domain/PageResponse;" line="53"><counter type="INSTRUCTION" missed="5" covered="0"/><counter type="LINE" missed="1" covered="0"/><counter type="COMPLEXITY" missed="1" covered="0"/><counter type="METHOD" missed="1" covered="0"/></method><method name="obtenerOrdenPorId" desc="(Ljava/lang/Integer;)Lcom/tiendatech/pedidos/domain/Orden;" line="57"><counter type="INSTRUCTION" missed="0" covered="5"/><counter type="LINE" missed="0" covered="1"/><counter type="COMPLEXITY" missed="0" covered="1"/><counter type="METHOD" missed="0" covered="1"/></method><method name="listarOrdenesPorUsuario" desc="(Ljava/lang/Integer;Lcom/tiendatech/pedidos/domain/Paginacion;)Lcom/tiendatech/pedidos/domain/PageResponse;" line="61"><counter type="INSTRUCTION" missed="6" covered="0"/><counter type="LINE" missed="1" covered="0"/><counter type="COMPLEXITY" missed="1" covered="0"/><counter type="METHOD" missed="1" covered="0"/></method><method name="obtenerDetalleOrden" desc="(Ljava/lang/Integer;Ljava/time/LocalDate;Lcom/tiendatech/pedidos/domain/Paginacion;)Lcom/tiendatech/pedidos/domain/PageResponse;" line="65"><counter type="INSTRUCTION" missed="7" covered="0"/><counter type="LINE" missed="1" covered="0"/><counter type="COMPLEXITY" missed="1" covered="0"/><counter type="METHOD" missed="1" covered="0"/></method><method name="generarOrdenDesdeCarrito" desc="(Ljava/lang/Integer;Ljava/lang/Integer;Ljava/lang/Integer;Ljava/lang/String;)Lcom/tiendatech/pedidos/domain/Orden;" line="84"><counter type="INSTRUCTION" missed="22" covered="93"/><counter type="BRANCH" missed="2" covered="10"/><counter type="LINE" missed="8" covered="22"/><counter type="COMPLEXITY" missed="1" covered="6"/><counter type="METHOD" missed="0" covered="1"/></method><method name="motivoDeFallo" desc="(Ljava/lang/RuntimeException;)Ljava/lang/String;" line="136"><counter type="INSTRUCTION" missed="7" covered="18"/><counter type="BRANCH" missed="5" covered="5"/><counter type="LINE" missed="3" covered="4"/><counter type="COMPLEXITY" missed="4" covered="2"/><counter type="METHOD" missed="0" covered="1"/></method><method name="resolverRepositorioIdempotencia" desc="(Ljava/lang/String;)Lcom/tiendatech/pedidos/domain/IdempotenciaRepository;" line="149"><counter type="INSTRUCTION" missed="0" covered="20"/><counter type="BRANCH" missed="0" covered="6"/><counter type="LINE" missed="0" covered="6"/><counter type="COMPLEXITY" missed="0" covered="4"/><counter type="METHOD" missed="0" covered="1"/></method><method name="buscarOrdenPorClaveExistente" desc="(Lcom/tiendatech/pedidos/domain/IdempotenciaRepository;Ljava/lang/Integer;Ljava/lang/String;Ljava/lang/String;)Lcom/tiendatech/pedidos/domain/Orden;" line="161"><counter type="INSTRUCTION" missed="0" covered="35"/><counter type="BRANCH" missed="0" covered="4"/><counter type="LINE" missed="0" covered="7"/><counter type="COMPLEXITY" missed="0" covered="3"/><counter type="METHOD" missed="0" covered="1"/></method><method name="calcularPayloadHash" desc="(Ljava/lang/Integer;Ljava/lang/Integer;)Ljava/lang/String;" line="174"><counter type="INSTRUCTION" missed="7" covered="17"/><counter type="LINE" missed="2" covered="4"/><counter type="COMPLEXITY" missed="0" covered="1"/><counter type="METHOD" missed="0" covered="1"/></method><method name="lambda$generarOrdenDesdeCarrito$1" desc="(Lcom/tiendatech/pedidos/domain/SolicitudIdempotente;)Lcom/tiendatech/pedidos/domain/Orden;" line="104"><counter type="INSTRUCTION" missed="5" covered="0"/><counter type="LINE" missed="1" covered="0"/><counter type="COMPLEXITY" missed="1" covered="0"/><counter type="METHOD" missed="1" covered="0"/></method><method name="lambda$generarOrdenDesdeCarrito$0" desc="(Ljava/lang/Integer;Ljava/lang/Integer;Ljava/lang/Integer;Ljava/lang/String;Ljava/lang/String;)Lcom/tiendatech/pedidos/domain/Orden;" line="100"><counter type="INSTRUCTION" missed="0" covered="9"/><counter type="LINE" missed="0" covered="1"/><counter type="COMPLEXITY" missed="0" covered="1"/><counter type="METHOD" missed="0" covered="1"/></method><method name="&lt;clinit&gt;" desc="()V" line="32"><counter type="INSTRUCTION" missed="0" covered="4"/><counter type="LINE" missed="0" covered="1"/><counter type="COMPLEXITY" missed="0" covered="1"/><counter type="METHOD" missed="0" covered="1"/></method><counter type="INSTRUCTION" missed="59" covered="219"/><counter type="BRANCH" missed="7" covered="25"/><counter type="LINE" missed="16" covered="52"/><counter type="COMPLEXITY" missed="9" covered="20"/><counter type="METHOD" missed="4" covered="9"/><counter type="CLASS" missed="0" covered="1"/></class><class name="com/tiendatech/pedidos/application/CrdbRetryProbeService" sourcefilename="CrdbRetryProbeService.java"><method name="&lt;init&gt;" desc="(Lcom/tiendatech/pedidos/domain/CrdbProbePort;Lcom/tiendatech/pedidos/domain/CrdbRetryPort;Lcom/tiendatech/pedidos/domain/CrdbMetricsPort;)V" line="24"><counter type="INSTRUCTION" missed="0" covered="12"/><counter type="LINE" missed="0" covered="5"/><counter type="COMPLEXITY" missed="0" covered="1"/><counter type="METHOD" missed="0" covered="1"/></method><method name="provocarColision" desc="()Ljava/util/Map;" line="31"><counter type="INSTRUCTION" missed="0" covered="102"/><counter type="LINE" missed="0" covered="20"/><counter type="COMPLEXITY" missed="0" covered="1"/><counter type="METHOD" missed="0" covered="1"/></method><method name="await" desc="(Ljava/util/concurrent/CountDownLatch;Ljava/lang/String;)V" line="63"><counter type="INSTRUCTION" missed="9" covered="12"/><counter type="BRANCH" missed="0" covered="2"/><counter type="LINE" missed="3" covered="4"/><counter type="COMPLEXITY" missed="0" covered="2"/><counter type="METHOD" missed="0" covered="1"/></method><method name="lambda$provocarColision$1" desc="(Ljava/util/concurrent/atomic/AtomicInteger;Ljava/util/concurrent/CountDownLatch;Ljava/util/concurrent/CountDownLatch;)Ljava/lang/Long;" line="43"><counter type="INSTRUCTION" missed="0" covered="9"/><counter type="LINE" missed="0" covered="2"/><counter type="COMPLEXITY" missed="0" covered="1"/><counter type="METHOD" missed="0" covered="1"/></method><method name="lambda$provocarColision$0" desc="(Ljava/util/concurrent/CountDownLatch;Ljava/util/concurrent/CountDownLatch;Ljava/util/concurrent/CountDownLatch;)V" line="39"><counter type="INSTRUCTION" missed="0" covered="7"/><counter type="LINE" missed="0" covered="1"/><counter type="COMPLEXITY" missed="0" covered="1"/><counter type="METHOD" missed="0" covered="1"/></method><counter type="INSTRUCTION" missed="9" covered="142"/><counter type="BRANCH" missed="0" covered="2"/><counter type="LINE" missed="3" covered="30"/><counter type="COMPLEXITY" missed="0" covered="6"/><counter type="METHOD" missed="0" covered="5"/><counter type="CLASS" missed="0" covered="1"/></class><class name="com/tiendatech/pedidos/application/MetodoPagoService" sourcefilename="MetodoPagoService.java"><method name="&lt;init&gt;" desc="(Lcom/tiendatech/pedidos/domain/MetodoPagoRepository;)V" line="20"><counter type="INSTRUCTION" missed="0" covered="6"/><counter type="LINE" missed="0" covered="3"/><counter type="COMPLEXITY" missed="0" covered="1"/><counter type="METHOD" missed="0" covered="1"/></method><method name="listarPorUsuario" desc="(Ljava/lang/Integer;Lcom/tiendatech/pedidos/domain/Paginacion;)Lcom/tiendatech/pedidos/domain/PageResponse;" line="25"><counter type="INSTRUCTION" missed="6" covered="0"/><counter type="LINE" missed="1" covered="0"/><counter type="COMPLEXITY" missed="1" covered="0"/><counter type="METHOD" missed="1" covered="0"/></method><method name="obtenerPorIdYUsuario" desc="(Ljava/lang/Integer;Ljava/lang/Integer;)Lcom/tiendatech/pedidos/domain/MetodoPago;" line="29"><counter type="INSTRUCTION" missed="0" covered="6"/><counter type="LINE" missed="0" covered="1"/><counter type="COMPLEXITY" missed="0" covered="1"/><counter type="METHOD" missed="0" covered="1"/></method><method name="listarTipos" desc="()Ljava/util/List;" line="33"><counter type="INSTRUCTION" missed="4" covered="0"/><counter type="LINE" missed="1" covered="0"/><counter type="COMPLEXITY" missed="1" covered="0"/><counter type="METHOD" missed="1" covered="0"/></method><method name="agregar" desc="(Ljava/lang/String;Ljava/time/LocalDate;Ljava/lang/Integer;Ljava/lang/Integer;)Ljava/lang/Integer;" line="37"><counter type="INSTRUCTION" missed="0" covered="8"/><counter type="LINE" missed="0" covered="1"/><counter type="COMPLEXITY" missed="0" covered="1"/><counter type="METHOD" missed="0" covered="1"/></method><method name="actualizar" desc="(Ljava/lang/Integer;Ljava/lang/Integer;Ljava/lang/String;Ljava/time/LocalDate;Ljava/lang/Integer;Ljava/lang/Boolean;)V" line="42"><counter type="INSTRUCTION" missed="0" covered="10"/><counter type="LINE" missed="0" covered="2"/><counter type="COMPLEXITY" missed="0" covered="1"/><counter type="METHOD" missed="0" covered="1"/></method><method name="inactivar" desc="(Ljava/lang/Integer;Ljava/lang/Integer;)V" line="46"><counter type="INSTRUCTION" missed="0" covered="6"/><counter type="LINE" missed="0" covered="2"/><counter type="COMPLEXITY" missed="0" covered="1"/><counter type="METHOD" missed="0" covered="1"/></method><method name="reactivar" desc="(Ljava/lang/Integer;Ljava/lang/Integer;)V" line="50"><counter type="INSTRUCTION" missed="0" covered="6"/><counter type="LINE" missed="0" covered="2"/><counter type="COMPLEXITY" missed="0" covered="1"/><counter type="METHOD" missed="0" covered="1"/></method><counter type="INSTRUCTION" missed="10" covered="42"/><counter type="LINE" missed="2" covered="11"/><counter type="COMPLEXITY" missed="2" covered="6"/><counter type="METHOD" missed="2" covered="6"/><counter type="CLASS" missed="0" covered="1"/></class><class name="com/tiendatech/pedidos/application/CarritoService" sourcefilename="CarritoService.java"><method name="&lt;init&gt;" desc="(Lcom/tiendatech/pedidos/domain/CarritoRepository;Lcom/tiendatech/pedidos/domain/ProductoPort;)V" line="20"><counter type="INSTRUCTION" missed="0" covered="9"/><counter type="LINE" missed="0" covered="4"/><counter type="COMPLEXITY" missed="0" covered="1"/><counter type="METHOD" missed="0" covered="1"/></method><method name="obtenerCarritoActivo" desc="(Ljava/lang/Integer;)Lcom/tiendatech/pedidos/domain/Carrito;" line="26"><counter type="INSTRUCTION" missed="5" covered="0"/><counter type="LINE" missed="1" covered="0"/><counter type="COMPLEXITY" missed="1" covered="0"/><counter type="METHOD" missed="1" covered="0"/></method><method name="obtenerCarritoPorId" desc="(Ljava/lang/Integer;)Lcom/tiendatech/pedidos/domain/Carrito;" line="30"><counter type="INSTRUCTION" missed="5" covered="0"/><counter type="LINE" missed="1" covered="0"/><counter type="COMPLEXITY" missed="1" covered="0"/><counter type="METHOD" missed="1" covered="0"/></method><method name="crearCarrito" desc="(Ljava/lang/Integer;)Lcom/tiendatech/pedidos/domain/Carrito;" line="34"><counter type="INSTRUCTION" missed="5" covered="0"/><counter type="LINE" missed="1" covered="0"/><counter type="COMPLEXITY" missed="1" covered="0"/><counter type="METHOD" missed="1" covered="0"/></method><method name="listarDetalle" desc="(Ljava/lang/Integer;Lcom/tiendatech/pedidos/domain/Paginacion;)Lcom/tiendatech/pedidos/domain/PageResponse;" line="38"><counter type="INSTRUCTION" missed="6" covered="0"/><counter type="LINE" missed="1" covered="0"/><counter type="COMPLEXITY" missed="1" covered="0"/><counter type="METHOD" missed="1" covered="0"/></method><method name="agregarProducto" desc="(Ljava/lang/Integer;Ljava/lang/Integer;Ljava/lang/Integer;)V" line="44"><counter type="INSTRUCTION" missed="0" covered="14"/><counter type="LINE" missed="0" covered="3"/><counter type="COMPLEXITY" missed="0" covered="1"/><counter type="METHOD" missed="0" covered="1"/></method><method name="quitarProducto" desc="(Ljava/lang/Integer;Ljava/lang/Integer;)V" line="49"><counter type="INSTRUCTION" missed="0" covered="6"/><counter type="LINE" missed="0" covered="2"/><counter type="COMPLEXITY" missed="0" covered="1"/><counter type="METHOD" missed="0" covered="1"/></method><method name="actualizarCantidad" desc="(Ljava/lang/Integer;Ljava/lang/Integer;Ljava/lang/Integer;)V" line="53"><counter type="INSTRUCTION" missed="0" covered="7"/><counter type="LINE" missed="0" covered="2"/><counter type="COMPLEXITY" missed="0" covered="1"/><counter type="METHOD" missed="0" covered="1"/></method><counter type="INSTRUCTION" missed="21" covered="36"/><counter type="LINE" missed="4" covered="11"/><counter type="COMPLEXITY" missed="4" covered="4"/><counter type="METHOD" missed="4" covered="4"/><counter type="CLASS" missed="0" covered="1"/></class><sourcefile name="MetodoPagoService.java"><line nr="20" mi="0" ci="2" mb="0" cb="0"/><line nr="21" mi="0" ci="3" mb="0" cb="0"/><line nr="22" mi="0" ci="1" mb="0" cb="0"/><line nr="25" mi="6" ci="0" mb="0" cb="0"/><line nr="29" mi="0" ci="6" mb="0" cb="0"/><line nr="33" mi="4" ci="0" mb="0" cb="0"/><line nr="37" mi="0" ci="8" mb="0" cb="0"/><line nr="42" mi="0" ci="9" mb="0" cb="0"/><line nr="43" mi="0" ci="1" mb="0" cb="0"/><line nr="46" mi="0" ci="5" mb="0" cb="0"/><line nr="47" mi="0" ci="1" mb="0" cb="0"/><line nr="50" mi="0" ci="5" mb="0" cb="0"/><line nr="51" mi="0" ci="1" mb="0" cb="0"/><counter type="INSTRUCTION" missed="10" covered="42"/><counter type="LINE" missed="2" covered="11"/><counter type="COMPLEXITY" missed="2" covered="6"/><counter type="METHOD" missed="2" covered="6"/><counter type="CLASS" missed="0" covered="1"/></sourcefile><sourcefile name="CarritoService.java"><line nr="20" mi="0" ci="2" mb="0" cb="0"/><line nr="21" mi="0" ci="3" mb="0" cb="0"/><line nr="22" mi="0" ci="3" mb="0" cb="0"/><line nr="23" mi="0" ci="1" mb="0" cb="0"/><line nr="26" mi="5" ci="0" mb="0" cb="0"/><line nr="30" mi="5" ci="0" mb="0" cb="0"/><line nr="34" mi="5" ci="0" mb="0" cb="0"/><line nr="38" mi="6" ci="0" mb="0" cb="0"/><line nr="44" mi="0" ci="5" mb="0" cb="0"/><line nr="45" mi="0" ci="8" mb="0" cb="0"/><line nr="46" mi="0" ci="1" mb="0" cb="0"/><line nr="49" mi="0" ci="5" mb="0" cb="0"/><line nr="50" mi="0" ci="1" mb="0" cb="0"/><line nr="53" mi="0" ci="6" mb="0" cb="0"/><line nr="54" mi="0" ci="1" mb="0" cb="0"/><counter type="INSTRUCTION" missed="21" covered="36"/><counter type="LINE" missed="4" covered="11"/><counter type="COMPLEXITY" missed="4" covered="4"/><counter type="METHOD" missed="4" covered="4"/><counter type="CLASS" missed="0" covered="1"/></sourcefile><sourcefile name="CrdbRetryProbeService.java"><line nr="24" mi="0" ci="2" mb="0" cb="0"/><line nr="25" mi="0" ci="3" mb="0" cb="0"/><line nr="26" mi="0" ci="3" mb="0" cb="0"/><line nr="27" mi="0" ci="3" mb="0" cb="0"/><line nr="28" mi="0" ci="1" mb="0" cb="0"/><line nr="31" mi="0" ci="4" mb="0" cb="0"/><line nr="32" mi="0" ci="4" mb="0" cb="0"/><line nr="33" mi="0" ci="5" mb="0" cb="0"/><line nr="34" mi="0" ci="5" mb="0" cb="0"/><line nr="35" mi="0" ci="5" mb="0" cb="0"/><line nr="36" mi="0" ci="2" mb="0" cb="0"/><line nr="39" mi="0" ci="15" mb="0" cb="0"/><line nr="42" mi="0" ci="3" mb="0" cb="0"/><line nr="43" mi="0" ci="17" mb="0" cb="0"/><line nr="44" mi="0" ci="3" mb="0" cb="0"/><line nr="45" mi="0" ci="5" mb="0" cb="0"/><line nr="47" mi="0" ci="4" mb="0" cb="0"/><line nr="48" mi="0" ci="5" mb="0" cb="0"/><line nr="49" mi="0" ci="7" mb="0" cb="0"/><line nr="50" mi="0" ci="6" mb="0" cb="0"/><line nr="51" mi="0" ci="8" mb="0" cb="0"/><line nr="52" mi="0" ci="6" mb="0" cb="0"/><line nr="53" mi="0" ci="4" mb="0" cb="0"/><line nr="54" mi="0" ci="1" mb="0" cb="0"/><line nr="55" mi="0" ci="6" mb="0" cb="0"/><line nr="57" mi="0" ci="3" mb="0" cb="0"/><line nr="63" mi="0" ci="5" mb="0" cb="2"/><line nr="64" mi="0" ci="5" mb="0" cb="0"/><line nr="66" mi="1" ci="0" mb="0" cb="0"/><line nr="67" mi="2" ci="0" mb="0" cb="0"/><line nr="68" mi="6" ci="0" mb="0" cb="0"/><line nr="69" mi="0" ci="1" mb="0" cb="0"/><line nr="70" mi="0" ci="1" mb="0" cb="0"/><counter type="INSTRUCTION" missed="9" covered="142"/><counter type="BRANCH" missed="0" covered="2"/><counter type="LINE" missed="3" covered="30"/><counter type="COMPLEXITY" missed="0" covered="6"/><counter type="METHOD" missed="0" covered="5"/><counter type="CLASS" missed="0" covered="1"/></sourcefile><sourcefile name="OrdenService.java"><line nr="32" mi="0" ci="4" mb="0" cb="0"/><line nr="44" mi="0" ci="2" mb="0" cb="0"/><line nr="45" mi="0" ci="3" mb="0" cb="0"/><line nr="46" mi="0" ci="3" mb="0" cb="0"/><line nr="47" mi="0" ci="3" mb="0" cb="0"/><line nr="48" mi="0" ci="3" mb="0" cb="0"/><line nr="49" mi="0" ci="3" mb="0" cb="0"/><line nr="50" mi="0" ci="1" mb="0" cb="0"/><line nr="53" mi="5" ci="0" mb="0" cb="0"/><line nr="57" mi="0" ci="5" mb="0" cb="0"/><line nr="61" mi="6" ci="0" mb="0" cb="0"/><line nr="65" mi="7" ci="0" mb="0" cb="0"/><line nr="84" mi="0" ci="4" mb="0" cb="0"/><line nr="85" mi="0" ci="9" mb="0" cb="2"/><line nr="87" mi="0" ci="2" mb="0" cb="2"/><line nr="88" mi="0" ci="7" mb="0" cb="0"/><line nr="89" mi="0" ci="2" mb="0" cb="2"/><line nr="90" mi="0" ci="2" mb="0" cb="0"/><line nr="94" mi="0" ci="5" mb="0" cb="0"/><line nr="95" mi="0" ci="6" mb="0" cb="2"/><line nr="98" mi="0" ci="2" mb="0" cb="2"/><line nr="99" mi="0" ci="9" mb="0" cb="0"/><line nr="100" mi="0" ci="20" mb="0" cb="0"/><line nr="102" mi="1" ci="0" mb="0" cb="0"/><line nr="103" mi="6" ci="0" mb="0" cb="0"/><line nr="104" mi="7" ci="0" mb="0" cb="0"/><line nr="105" mi="3" ci="0" mb="0" cb="0"/><line nr="106" mi="2" ci="0" mb="2" cb="0"/><line nr="107" mi="4" ci="0" mb="0" cb="0"/><line nr="108" mi="2" ci="0" mb="0" cb="0"/><line nr="110" mi="2" ci="0" mb="0" cb="0"/><line nr="111" mi="0" ci="1" mb="0" cb="0"/><line nr="116" mi="0" ci="5" mb="0" cb="0"/><line nr="117" mi="0" ci="2" mb="0" cb="0"/><line nr="118" mi="0" ci="1" mb="0" cb="0"/><line nr="121" mi="0" ci="6" mb="0" cb="0"/><line nr="122" mi="0" ci="1" mb="0" cb="0"/><line nr="125" mi="0" ci="4" mb="0" cb="0"/><line nr="126" mi="0" ci="8" mb="0" cb="0"/><line nr="127" mi="0" ci="1" mb="0" cb="0"/><line nr="129" mi="0" ci="3" mb="0" cb="0"/><line nr="130" mi="0" ci="2" mb="0" cb="0"/><line nr="136" mi="0" ci="3" mb="0" cb="2"/><line nr="137" mi="0" ci="2" mb="0" cb="0"/><line nr="139" mi="0" ci="11" mb="3" cb="3"/><line nr="140" mi="0" ci="2" mb="0" cb="0"/><line nr="142" mi="3" ci="0" mb="2" cb="0"/><line nr="143" mi="2" ci="0" mb="0" cb="0"/><line nr="145" mi="2" ci="0" mb="0" cb="0"/><line nr="149" mi="0" ci="5" mb="0" cb="4"/><line nr="150" mi="0" ci="2" mb="0" cb="0"/><line nr="152" mi="0" ci="6" mb="0" cb="0"/><line nr="153" mi="0" ci="2" mb="0" cb="2"/><line nr="154" mi="0" ci="3" mb="0" cb="0"/><line nr="156" mi="0" ci="2" mb="0" cb="0"/><line nr="161" mi="0" ci="5" mb="0" cb="0"/><line nr="162" mi="0" ci="3" mb="0" cb="2"/><line nr="163" mi="0" ci="2" mb="0" cb="0"/><line nr="165" mi="0" ci="7" mb="0" cb="2"/><line nr="166" mi="0" ci="4" mb="0" cb="0"/><line nr="167" mi="0" ci="7" mb="0" cb="0"/><line nr="170" mi="0" ci="7" mb="0" cb="0"/><line nr="174" mi="0" ci="4" mb="0" cb="0"/><line nr="176" mi="0" ci="3" mb="0" cb="0"/><line nr="177" mi="0" ci="6" mb="0" cb="0"/><line nr="178" mi="0" ci="4" mb="0" cb="0"/><line nr="179" mi="1" ci="0" mb="0" cb="0"/><line nr="180" mi="6" ci="0" mb="0" cb="0"/><counter type="INSTRUCTION" missed="59" covered="219"/><counter type="BRANCH" missed="7" covered="25"/><counter type="LINE" missed="16" covered="52"/><counter type="COMPLEXITY" missed="9" covered="20"/><counter type="METHOD" missed="4" covered="9"/><counter type="CLASS" missed="0" covered="1"/></sourcefile><counter type="INSTRUCTION" missed="99" covered="439"/><counter type="BRANCH" missed="7" covered="27"/><counter type="LINE" missed="25" covered="104"/><counter type="COMPLEXITY" missed="15" covered="36"/><counter type="METHOD" missed="10" covered="24"/><counter type="CLASS" missed="0" covered="4"/></package><counter type="INSTRUCTION" missed="99" covered="439"/><counter type="BRANCH" missed="7" covered="27"/><counter type="LINE" missed="25" covered="104"/><counter type="COMPLEXITY" missed="15" covered="36"/><counter type="METHOD" missed="10" covered="24"/><counter type="CLASS" missed="0" covered="4"/></report>